<?xml version="1.0" encoding="UTF-8"?>
<testsuite name="hyun.book.controller.BlogApiControllerTest" tests="1" skipped="0" failures="0" errors="0" timestamp="2024-10-10T06:29:29" hostname="choehyeon-ui-iMac.local" time="0.881">
  <properties/>
  <testcase name="updateArticle: 블로그 글 수정에 성공한다." classname="hyun.book.controller.BlogApiControllerTest" time="0.881"/>
  <system-out><![CDATA[15:29:25.915 [Test worker] INFO org.springframework.test.context.support.AnnotationConfigContextLoaderUtils -- Could not detect default configuration classes for test class [hyun.book.controller.BlogApiControllerTest]: BlogApiControllerTest does not declare any static, non-private, non-final, nested classes annotated with @Configuration.
15:29:26.039 [Test worker] INFO org.springframework.boot.test.context.SpringBootTestContextBootstrapper -- Found @SpringBootConfiguration hyun.book.BookApplication for test class hyun.book.controller.BlogApiControllerTest

  .   ____          _            __ _ _
 /\\ / ___'_ __ _ _(_)_ __  __ _ \ \ \ \
( ( )\___ | '_ | '_| | '_ \/ _` | \ \ \ \
 \\/  ___)| |_)| | | | | || (_| |  ) ) ) )
  '  |____| .__|_| |_|_| |_\__, | / / / /
 =========|_|==============|___/=/_/_/_/

 :: Spring Boot ::                (v3.3.4)

2024-10-10T15:29:26.443+09:00  INFO 12263 --- [    Test worker] h.book.controller.BlogApiControllerTest  : Starting BlogApiControllerTest using Java 17.0.7 with PID 12263 (started by choehyeon in /Users/choehyeon/IdeaProjects/book)
2024-10-10T15:29:26.445+09:00  INFO 12263 --- [    Test worker] h.book.controller.BlogApiControllerTest  : No active profile set, falling back to 1 default profile: "default"
2024-10-10T15:29:27.050+09:00  INFO 12263 --- [    Test worker] .s.d.r.c.RepositoryConfigurationDelegate : Bootstrapping Spring Data JPA repositories in DEFAULT mode.
2024-10-10T15:29:27.103+09:00  INFO 12263 --- [    Test worker] .s.d.r.c.RepositoryConfigurationDelegate : Finished Spring Data repository scanning in 46 ms. Found 2 JPA repository interfaces.
2024-10-10T15:29:27.475+09:00  INFO 12263 --- [    Test worker] com.zaxxer.hikari.HikariDataSource       : HikariPool-1 - Starting...
2024-10-10T15:29:27.625+09:00  INFO 12263 --- [    Test worker] com.zaxxer.hikari.pool.HikariPool        : HikariPool-1 - Added connection conn0: url=jdbc:h2:mem:testdb user=SA
2024-10-10T15:29:27.627+09:00  INFO 12263 --- [    Test worker] com.zaxxer.hikari.HikariDataSource       : HikariPool-1 - Start completed.
2024-10-10T15:29:27.667+09:00  INFO 12263 --- [    Test worker] o.hibernate.jpa.internal.util.LogHelper  : HHH000204: Processing PersistenceUnitInfo [name: default]
2024-10-10T15:29:27.721+09:00  INFO 12263 --- [    Test worker] org.hibernate.Version                    : HHH000412: Hibernate ORM core version 6.5.3.Final
2024-10-10T15:29:27.750+09:00  INFO 12263 --- [    Test worker] o.h.c.internal.RegionFactoryInitiator    : HHH000026: Second-level cache disabled
2024-10-10T15:29:28.005+09:00  INFO 12263 --- [    Test worker] o.s.o.j.p.SpringPersistenceUnitInfo      : No LoadTimeWeaver setup: ignoring JPA class transformer
2024-10-10T15:29:28.707+09:00  INFO 12263 --- [    Test worker] o.h.e.t.j.p.i.JtaPlatformInitiator       : HHH000489: No JTA platform available (set 'hibernate.transaction.jta.platform' to enable JTA platform integration)
Hibernate: 
    drop table if exists article cascade 
Hibernate: 
    drop table if exists member cascade 
Hibernate: 
    create table article (
        id bigint generated by default as identity,
        content varchar(255),
        title varchar(255),
        primary key (id)
    )
Hibernate: 
    create table member (
        id bigint generated by default as identity,
        name varchar(255),
        primary key (id)
    )
2024-10-10T15:29:28.740+09:00  INFO 12263 --- [    Test worker] j.LocalContainerEntityManagerFactoryBean : Initialized JPA EntityManagerFactory for persistence unit 'default'
2024-10-10T15:29:29.096+09:00  WARN 12263 --- [    Test worker] JpaBaseConfiguration$JpaWebConfiguration : spring.jpa.open-in-view is enabled by default. Therefore, database queries may be performed during view rendering. Explicitly configure spring.jpa.open-in-view to disable this warning
2024-10-10T15:29:29.406+09:00  INFO 12263 --- [    Test worker] o.s.b.a.h2.H2ConsoleAutoConfiguration    : H2 console available at '/h2-console'. Database available at 'jdbc:h2:mem:testdb'
2024-10-10T15:29:29.473+09:00  INFO 12263 --- [    Test worker] o.s.b.t.m.w.SpringBootMockServletContext : Initializing Spring TestDispatcherServlet ''
2024-10-10T15:29:29.474+09:00  INFO 12263 --- [    Test worker] o.s.t.web.servlet.TestDispatcherServlet  : Initializing Servlet ''
2024-10-10T15:29:29.477+09:00  INFO 12263 --- [    Test worker] o.s.t.web.servlet.TestDispatcherServlet  : Completed initialization in 2 ms
2024-10-10T15:29:29.509+09:00  INFO 12263 --- [    Test worker] h.book.controller.BlogApiControllerTest  : Started BlogApiControllerTest in 3.335 seconds (process running for 4.444)
2024-10-10T15:29:29.951+09:00  INFO 12263 --- [    Test worker] o.s.b.t.m.w.SpringBootMockServletContext : Initializing Spring TestDispatcherServlet ''
2024-10-10T15:29:29.951+09:00  INFO 12263 --- [    Test worker] o.s.t.web.servlet.TestDispatcherServlet  : Initializing Servlet ''
2024-10-10T15:29:29.953+09:00  INFO 12263 --- [    Test worker] o.s.t.web.servlet.TestDispatcherServlet  : Completed initialization in 2 ms
Hibernate: 
    select
        a1_0.id,
        a1_0.content,
        a1_0.title 
    from
        article a1_0
Hibernate: 
    delete 
    from
        article 
    where
        id=?
Hibernate: 
    delete 
    from
        article 
    where
        id=?
Hibernate: 
    delete 
    from
        article 
    where
        id=?
Hibernate: 
    insert 
    into
        article
        (content, title, id) 
    values
        (?, ?, default)
Hibernate: 
    select
        a1_0.id,
        a1_0.content,
        a1_0.title 
    from
        article a1_0 
    where
        a1_0.id=?
Hibernate: 
    update
        article 
    set
        content=?,
        title=? 
    where
        id=?
Hibernate: 
    select
        a1_0.id,
        a1_0.content,
        a1_0.title 
    from
        article a1_0 
    where
        a1_0.id=?
]]></system-out>
  <system-err><![CDATA[]]></system-err>
</testsuite>
